<?xml version="1.0" encoding="UTF-8"?>
<robot generator="Robot 6.1.1 (Python 3.12.3 on win32)" generated="20251117 21:03:09.119" rpa="false" schemaversion="4">
<suite id="s1" name="Tests" source="C:\kurssit\teka3003_Ohjelmistotuotanto\ymparisto\osa3\robot-framework\login-robot\src\tests">
<suite id="s1-s1" name="Login" source="C:\kurssit\teka3003_Ohjelmistotuotanto\ymparisto\osa3\robot-framework\login-robot\src\tests\login.robot">
<test id="s1-s1-t1" name="Login With Correct Credentials" line="6">
<kw name="Create User And Input Login Command" type="SETUP">
<kw name="Create User" library="AppLibrary">
<arg>kalle</arg>
<arg>kalle123</arg>
<status status="PASS" starttime="20251117 21:03:09.178" endtime="20251117 21:03:09.178"/>
</kw>
<kw name="Input Login Command" library="resource">
<kw name="Input" library="AppLibrary">
<arg>login</arg>
<status status="PASS" starttime="20251117 21:03:09.178" endtime="20251117 21:03:09.178"/>
</kw>
<status status="PASS" starttime="20251117 21:03:09.178" endtime="20251117 21:03:09.178"/>
</kw>
<status status="PASS" starttime="20251117 21:03:09.178" endtime="20251117 21:03:09.178"/>
</kw>
<kw name="Input Credentials" library="resource">
<arg>kalle</arg>
<arg>kalle123</arg>
<kw name="Input" library="AppLibrary">
<arg>${username}</arg>
<status status="PASS" starttime="20251117 21:03:09.178" endtime="20251117 21:03:09.179"/>
</kw>
<kw name="Input" library="AppLibrary">
<arg>${password}</arg>
<status status="PASS" starttime="20251117 21:03:09.179" endtime="20251117 21:03:09.179"/>
</kw>
<kw name="Run Application" library="AppLibrary">
<status status="PASS" starttime="20251117 21:03:09.179" endtime="20251117 21:03:09.179"/>
</kw>
<status status="PASS" starttime="20251117 21:03:09.178" endtime="20251117 21:03:09.179"/>
</kw>
<kw name="Output Should Contain" library="AppLibrary">
<arg>Logged in</arg>
<status status="PASS" starttime="20251117 21:03:09.179" endtime="20251117 21:03:09.179"/>
</kw>
<status status="PASS" starttime="20251117 21:03:09.178" endtime="20251117 21:03:09.179"/>
</test>
<test id="s1-s1-t2" name="Login With Incorrect Password" line="10">
<kw name="Create User And Input Login Command" type="SETUP">
<kw name="Create User" library="AppLibrary">
<arg>kalle</arg>
<arg>kalle123</arg>
<status status="PASS" starttime="20251117 21:03:09.179" endtime="20251117 21:03:09.180"/>
</kw>
<kw name="Input Login Command" library="resource">
<kw name="Input" library="AppLibrary">
<arg>login</arg>
<status status="PASS" starttime="20251117 21:03:09.180" endtime="20251117 21:03:09.180"/>
</kw>
<status status="PASS" starttime="20251117 21:03:09.180" endtime="20251117 21:03:09.180"/>
</kw>
<status status="PASS" starttime="20251117 21:03:09.179" endtime="20251117 21:03:09.180"/>
</kw>
<kw name="Input Credentials" library="resource">
<arg>kalle</arg>
<arg>wrongpassword</arg>
<kw name="Input" library="AppLibrary">
<arg>${username}</arg>
<status status="PASS" starttime="20251117 21:03:09.180" endtime="20251117 21:03:09.180"/>
</kw>
<kw name="Input" library="AppLibrary">
<arg>${password}</arg>
<status status="PASS" starttime="20251117 21:03:09.180" endtime="20251117 21:03:09.180"/>
</kw>
<kw name="Run Application" library="AppLibrary">
<status status="PASS" starttime="20251117 21:03:09.180" endtime="20251117 21:03:09.180"/>
</kw>
<status status="PASS" starttime="20251117 21:03:09.180" endtime="20251117 21:03:09.180"/>
</kw>
<kw name="Output Should Contain" library="AppLibrary">
<arg>Invalid username or password</arg>
<status status="PASS" starttime="20251117 21:03:09.180" endtime="20251117 21:03:09.180"/>
</kw>
<status status="PASS" starttime="20251117 21:03:09.179" endtime="20251117 21:03:09.180"/>
</test>
<test id="s1-s1-t3" name="Login With Nonexistent Username" line="14">
<kw name="Create User And Input Login Command" type="SETUP">
<kw name="Create User" library="AppLibrary">
<arg>kalle</arg>
<arg>kalle123</arg>
<status status="PASS" starttime="20251117 21:03:09.181" endtime="20251117 21:03:09.181"/>
</kw>
<kw name="Input Login Command" library="resource">
<kw name="Input" library="AppLibrary">
<arg>login</arg>
<status status="PASS" starttime="20251117 21:03:09.181" endtime="20251117 21:03:09.181"/>
</kw>
<status status="PASS" starttime="20251117 21:03:09.181" endtime="20251117 21:03:09.181"/>
</kw>
<status status="PASS" starttime="20251117 21:03:09.181" endtime="20251117 21:03:09.181"/>
</kw>
<kw name="Input Credentials" library="resource">
<arg>nonuser</arg>
<arg>somepassword</arg>
<kw name="Input" library="AppLibrary">
<arg>${username}</arg>
<status status="PASS" starttime="20251117 21:03:09.181" endtime="20251117 21:03:09.181"/>
</kw>
<kw name="Input" library="AppLibrary">
<arg>${password}</arg>
<status status="PASS" starttime="20251117 21:03:09.181" endtime="20251117 21:03:09.181"/>
</kw>
<kw name="Run Application" library="AppLibrary">
<status status="PASS" starttime="20251117 21:03:09.181" endtime="20251117 21:03:09.181"/>
</kw>
<status status="PASS" starttime="20251117 21:03:09.181" endtime="20251117 21:03:09.181"/>
</kw>
<kw name="Output Should Contain" library="AppLibrary">
<arg>Invalid username or password</arg>
<status status="PASS" starttime="20251117 21:03:09.181" endtime="20251117 21:03:09.182"/>
</kw>
<status status="PASS" starttime="20251117 21:03:09.181" endtime="20251117 21:03:09.182"/>
</test>
<status status="PASS" starttime="20251117 21:03:09.168" endtime="20251117 21:03:09.182"/>
</suite>
<status status="PASS" starttime="20251117 21:03:09.120" endtime="20251117 21:03:09.182"/>
</suite>
<statistics>
<total>
<stat pass="3" fail="0" skip="0">All Tests</stat>
</total>
<tag>
</tag>
<suite>
<stat pass="3" fail="0" skip="0" id="s1" name="Tests">Tests</stat>
<stat pass="3" fail="0" skip="0" id="s1-s1" name="Login">Tests.Login</stat>
</suite>
</statistics>
<errors>
</errors>
</robot>
